
=== Thu Jan 21 10:25:26 2021

Packages were changed.
Update Mode: mergeDefaultDependencies

The following packages were added:
  com.unity.collab-proxy@1.2.16
  com.unity.ide.rider@1.1.4
  com.unity.ide.vscode@1.2.1
  com.unity.modules.ai@1.0.0
  com.unity.modules.androidjni@1.0.0
  com.unity.modules.animation@1.0.0
  com.unity.modules.assetbundle@1.0.0
  com.unity.modules.audio@1.0.0
  com.unity.modules.cloth@1.0.0
  com.unity.modules.director@1.0.0
  com.unity.modules.imageconversion@1.0.0
  com.unity.modules.imgui@1.0.0
  com.unity.modules.jsonserialize@1.0.0
  com.unity.modules.particlesystem@1.0.0
  com.unity.modules.physics@1.0.0
  com.unity.modules.physics2d@1.0.0
  com.unity.modules.screencapture@1.0.0
  com.unity.modules.terrain@1.0.0
  com.unity.modules.terrainphysics@1.0.0
  com.unity.modules.tilemap@1.0.0
  com.unity.modules.ui@1.0.0
  com.unity.modules.uielements@1.0.0
  com.unity.modules.umbra@1.0.0
  com.unity.modules.unityanalytics@1.0.0
  com.unity.modules.unitywebrequest@1.0.0
  com.unity.modules.unitywebrequestassetbundle@1.0.0
  com.unity.modules.unitywebrequestaudio@1.0.0
  com.unity.modules.unitywebrequesttexture@1.0.0
  com.unity.modules.unitywebrequestwww@1.0.0
  com.unity.modules.vehicles@1.0.0
  com.unity.modules.video@1.0.0
  com.unity.modules.vr@1.0.0
  com.unity.modules.wind@1.0.0
  com.unity.modules.xr@1.0.0
  com.unity.test-framework@1.1.16
  com.unity.textmeshpro@2.1.1
  com.unity.timeline@1.2.17
  com.unity.ugui@1.0.0
The following packages were updated:
  com.unity.2d.animation from version 3.2.4 to 3.2.5
  com.unity.2d.psdimporter from version 2.1.5 to 2.1.6
  com.unity.2d.spriteshape from version 3.0.13 to 3.0.14

=== Tue Sep  7 13:41:40 2021

Packages were changed.
Update Mode: updateDependencies

The following packages were added:
  com.unity.ide.visualstudio@2.0.8
The following packages were updated:
  com.unity.2d.animation from version 3.2.5 to 5.0.5
  com.unity.2d.pixel-perfect from version 2.0.4 to 4.0.1
  com.unity.2d.psdimporter from version 2.1.6 to 4.0.2
  com.unity.2d.spriteshape from version 3.0.14 to 5.1.2
  com.unity.collab-proxy from version 1.2.16 to 1.5.7
  com.unity.ide.rider from version 1.1.4 to 2.0.7
  com.unity.ide.vscode from version 1.2.1 to 1.2.3
  com.unity.test-framework from version 1.1.16 to 1.1.24
  com.unity.textmeshpro from version 2.1.1 to 3.0.6
  com.unity.timeline from version 1.2.17 to 1.4.8

=== Fri Feb 11 15:16:22 2022

Packages were changed.
Update Mode: updateDependencies

The following packages were updated:
  com.unity.2d.animation from version 5.0.5 to 5.0.10
  com.unity.2d.psdimporter from version 4.0.2 to 4.1.3
  com.unity.2d.spriteshape from version 5.1.2 to 5.1.7
  com.unity.collab-proxy from version 1.5.7 to 1.15.7
  com.unity.ide.visualstudio from version 2.0.8 to 2.0.12
  com.unity.ide.vscode from version 1.2.3 to 1.2.4
  com.unity.test-framework from version 1.1.24 to 1.1.29
